Arguments: 
  C:\node\nodejs\node.exe C:\node\nodejs\node_modules\yarn\bin\yarn.js add antd

PATH: 
  C:\Python27\;C:\Python27\Scripts;C:\Windows\system32;C:\Windows;C:\Windows\System32\Wbem;C:\Windows\System32\WindowsPowerShell\v1.0\;C:\node\nvm;C:\node\nodejs;C:\Program Files\Git\cmd;C:\Users\j\AppData\Local\Microsoft\WindowsApps;C:\node\nvm;C:\node\nodejs;C:\Program Files\Java\jdk1.8.0_91\bin;C:\Android\sdk\platform-tools;C:\Android\sdk\tools;C:\curl;C:\Users\j\.gradle\wrapper\dists\gradle-2.14.1-all\8bnwg5hd3w55iofp58khbp6yv1\gradle-2.14.1/bin

Yarn version: 
  0.21.3

Node version: 
  6.9.5

Platform: 
  win32 x64

npm manifest: 
  {
    "name": "demo",
    "version": "1.0.0",
    "description": "",
    "main": "index.js",
    "scripts": {
      "test": "echo \"Error: no test specified\" && exit 1",
      "dev": "webpack --progress --color",
      "dev2": "webpack-dev-server --progress --open --port 9000"
    },
    "keywords": [],
    "author": "",
    "license": "ISC",
    "dependencies": {
      "angular": "^1.6.4",
      "babel-preset-react": "^6.24.1",
      "jquery": "^3.2.1",
      "prop-types": "^15.5.10",
      "react": "^15.5.4",
      "react-dom": "^15.5.4",
      "webpack": "^2.5.1"
    },
    "devDependencies": {
      "babel-core": "^6.24.1",
      "babel-loader": "^7.0.0",
      "babel-preset-es2015": "^6.24.1",
      "babel-preset-stage-0": "^6.24.1",
      "babel-preset-stage-1": "^6.24.1",
      "babel-preset-stage-2": "^6.24.1",
      "babel-preset-stage-3": "^6.24.1",
      "clean-webpack-plugin": "^0.1.16",
      "css-loader": "^0.28.1",
      "eslint": "^3.19.0",
      "eslint-loader": "^1.7.1",
      "extract-text-webpack-plugin": "^2.1.0",
      "file-loader": "^0.11.1",
      "html-webpack-plugin": "^2.28.0",
      "style-loader": "^0.17.0",
      "url-loader": "^0.5.8"
    }
  }

yarn manifest: 
  No manifest

Lockfile: 
  No lockfile

Trace: 
  Error: EPERM: operation not permitted, lstat 'C:\Users\j\Desktop\app\day05\demo\node_modules\html-entities\lib'
      at Error (native)
